<?xml version="1.0" encoding="UTF-8"?>
<!-- Generated by org.testng.reporters.JUnitReportReporter -->
<testsuite hostname="Sankets-iMac" failures="0" tests="1" name="Spec_Resp_Builder.Spec_Builder_Class" time="5.189" errors="0" timestamp="2021-04-07T15:22:32 EDT" skipped="0">
  <testcase classname="Spec_Resp_Builder.Spec_Builder_Class" name="Serialize_Method" time="5.189"/>
  <system-out/>
</testsuite> <!-- Spec_Resp_Builder.Spec_Builder_Class -->
