<?xml version="1.0" encoding="UTF-8"?>
<!-- Generated by org.testng.reporters.JUnitReportReporter -->
<testsuite hostname="LT-SJOSHI" failures="0" tests="1" name="Serializations.Serialize_Main_Class" time="3.271" errors="0" timestamp="2021-02-21T13:46:38 EST" skipped="0">
  <testcase classname="Serializations.Serialize_Main_Class" name="Serialize_Method" time="3.271"/>
  <system-out/>
</testsuite> <!-- Serializations.Serialize_Main_Class -->
