<?xml version="1.0" encoding="UTF-8"?>
<!-- Generated by org.testng.reporters.JUnitReportReporter -->
<testsuite hostname="Sanket" failures="0" tests="2" name="API.DynamicJson" time="3.707" errors="0" timestamp="2021-01-23T12:03:42 EST" skipped="0">
  <testcase classname="API.DynamicJson" name="AddBook" time="1.286"/>
  <system-out/>
  <testcase classname="API.DynamicJson" name="AddBook" time="2.421"/>
  <system-out/>
</testsuite> <!-- API.DynamicJson -->
