<?xml version="1.0" encoding="UTF-8"?>
<!-- Generated by org.testng.reporters.JUnitReportReporter -->
<testsuite hostname="Sanket" failures="0" tests="1" name="Jira_API_Automation.Add_Attachment" time="1.306" errors="0" timestamp="2021-01-24T14:00:27 EST" skipped="0">
  <testcase classname="Jira_API_Automation.Add_Attachment" name="attachment" time="1.306"/>
  <system-out/>
</testsuite> <!-- Jira_API_Automation.Add_Attachment -->
