<?xml version="1.0" encoding="UTF-8"?>
<!-- Generated by org.testng.reporters.JUnitReportReporter -->
<testsuite hostname="LT-SJOSHI" failures="0" tests="1" name="API_Automation.Get_Employee" time="0.367" errors="0" timestamp="2021-03-05T16:33:01 EST" skipped="0">
  <testcase classname="API_Automation.Get_Employee" name="Pull_Employee" time="0.367"/>
  <system-out/>
</testsuite> <!-- API_Automation.Get_Employee -->
