<?xml version="1.0" encoding="UTF-8"?>
<!-- Generated by org.testng.reporters.JUnitReportReporter -->
<testsuite hostname="Sankets-iMac" failures="0" tests="1" name="Serializations.Serialize_Main_Class" time="5.694" errors="0" timestamp="2021-04-07T14:26:17 EDT" skipped="0">
  <testcase classname="Serializations.Serialize_Main_Class" name="Serialize_Method" time="5.694"/>
  <system-out/>
</testsuite> <!-- Serializations.Serialize_Main_Class -->
