<?xml version="1.0" encoding="UTF-8"?>
<!-- Generated by org.testng.reporters.JUnitReportReporter -->
<testsuite hostname="Sanket" failures="0" tests="1" name="Jira_API_Automation.Jira_Add_Comment" time="1.291" errors="0" timestamp="2021-01-24T16:35:43 EST" skipped="0">
  <testcase classname="Jira_API_Automation.Jira_Add_Comment" name="Insert_comment" time="1.291"/>
  <system-out/>
</testsuite> <!-- Jira_API_Automation.Jira_Add_Comment -->
