<?xml version="1.0" encoding="UTF-8"?>
<!-- Generated by org.testng.reporters.JUnitReportReporter -->
<testsuite hostname="LT-SJOSHI" failures="0" tests="1" name="Serializations.Serialize_Main_Class" time="9.604" errors="0" timestamp="2021-03-01T09:29:58 EST" skipped="0">
  <testcase classname="Serializations.Serialize_Main_Class" name="Serialize_Method" time="9.604"/>
  <system-out/>
</testsuite> <!-- Serializations.Serialize_Main_Class -->
