<?xml version="1.0" encoding="UTF-8"?>
<!-- Generated by org.testng.reporters.JUnitReportReporter -->
<testsuite hostname="LT-SJOSHI" failures="0" tests="2" name="Files.DynamicJson" time="4.365" errors="0" timestamp="2021-01-22T14:21:33 EST" skipped="0">
  <testcase classname="Files.DynamicJson" name="AddBook" time="3.319"/>
  <system-out/>
  <testcase classname="Files.DynamicJson" name="AddBook" time="1.046"/>
  <system-out/>
</testsuite> <!-- Files.DynamicJson -->
