<?xml version="1.0" encoding="UTF-8"?>
<!-- Generated by org.testng.reporters.JUnitReportReporter -->
<testsuite hostname="LT-SJOSHI" failures="0" tests="1" name="API.POJO_Get_place_trigger" time="4.682" errors="0" timestamp="2021-01-31T13:54:50 EST" skipped="0">
  <testcase classname="API.POJO_Get_place_trigger" name="pojo_get_place" time="4.682"/>
  <system-out/>
</testsuite> <!-- API.POJO_Get_place_trigger -->
