<?xml version="1.0" encoding="UTF-8"?>
<!-- Generated by org.testng.reporters.JUnitReportReporter -->
<testsuite hostname="LT-SJOSHI" failures="0" tests="1" name="API.Static_FileData_API_Test" time="3.532" errors="0" timestamp="2021-01-22T15:13:43 EST" skipped="0">
  <testcase classname="API.Static_FileData_API_Test" name="Add_Place" time="3.532"/>
  <system-out/>
</testsuite> <!-- API.Static_FileData_API_Test -->
