<?xml version="1.0" encoding="UTF-8"?>
<!-- Generated by org.testng.reporters.JUnitReportReporter -->
<testsuite hostname="LT-SJOSHI" failures="0" tests="1" name="API.Rahul_Pojo_Trigger" time="3.645" errors="0" timestamp="2021-02-08T15:54:02 EST" skipped="0">
  <testcase classname="API.Rahul_Pojo_Trigger" name="Pojo" time="3.645"/>
  <system-out/>
</testsuite> <!-- API.Rahul_Pojo_Trigger -->
