<?xml version="1.0" encoding="UTF-8"?>
<!-- Generated by org.testng.reporters.JUnitReportReporter -->
<testsuite hostname="Sanket" failures="0" tests="1" name="Jira_API_Automation.Add_Bug" time="1.368" errors="0" timestamp="2021-01-23T15:43:25 EST" skipped="0">
  <testcase classname="Jira_API_Automation.Add_Bug" name="Create_Issue" time="1.368"/>
  <system-out/>
</testsuite> <!-- Jira_API_Automation.Add_Bug -->
