<?xml version="1.0" encoding="UTF-8"?>
<!-- Generated by org.testng.reporters.JUnitReportReporter -->
<testsuite hostname="Sanket" failures="0" tests="1" name="API.Get_Payload_From_External_File" time="2.498" errors="0" timestamp="2021-01-23T12:10:23 EST" skipped="0">
  <testcase classname="API.Get_Payload_From_External_File" name="Add_Place" time="2.498"/>
  <system-out/>
</testsuite> <!-- API.Get_Payload_From_External_File -->
