<?xml version="1.0" encoding="UTF-8"?>
<!-- Generated by org.testng.reporters.JUnitReportReporter -->
<testsuite hostname="LT-SJOSHI" failures="0" tests="1" name="API_Automation.Auth" time="2.722" errors="0" timestamp="2021-03-04T16:06:13 EST" skipped="0">
  <testcase classname="API_Automation.Auth" name="AUTH" time="2.722"/>
  <system-out/>
</testsuite> <!-- API_Automation.Auth -->
