<?xml version="1.0" encoding="UTF-8"?>
<!-- Generated by org.testng.reporters.JUnitReportReporter -->
<testsuite hostname="Sanket" failures="0" tests="1" name="Jira_API_Automation.Jira_Login" time="1.233" errors="0" timestamp="2021-01-23T14:45:55 EST" skipped="0">
  <testcase classname="Jira_API_Automation.Jira_Login" name="auth" time="1.233"/>
  <system-out/>
</testsuite> <!-- Jira_API_Automation.Jira_Login -->
