<?xml version="1.0" encoding="UTF-8"?>
<!-- Generated by org.testng.reporters.JUnitReportReporter -->
<testsuite hostname="LT-SJOSHI" failures="0" tests="1" name="API_Automation.Update_Employee" time="0.382" errors="0" timestamp="2021-03-05T16:14:51 EST" skipped="0">
  <testcase classname="API_Automation.Update_Employee" name="Edit_Employee" time="0.382"/>
  <system-out/>
</testsuite> <!-- API_Automation.Update_Employee -->
