<?xml version="1.0" encoding="UTF-8"?>
<!-- Generated by org.testng.reporters.JUnitReportReporter -->
<testsuite hostname="LT-SJOSHI" failures="0" tests="1" name="API.Get_Payload_From_External_File" time="4.033" errors="0" timestamp="2021-01-22T15:16:57 EST" skipped="0">
  <testcase classname="API.Get_Payload_From_External_File" name="Add_Place" time="4.033"/>
  <system-out/>
</testsuite> <!-- API.Get_Payload_From_External_File -->
