<?xml version="1.0" encoding="UTF-8"?>
<!-- Generated by org.testng.reporters.JUnitReportReporter -->
<testsuite hostname="LT-SJOSHI" failures="0" tests="1" name="Web_Automation.Kiosk" time="100.878" errors="0" timestamp="2021-03-06T11:58:12 EST" skipped="0">
  <testcase classname="Web_Automation.Kiosk" name="Kiosk_Home" time="100.878"/>
  <system-out/>
</testsuite> <!-- Web_Automation.Kiosk -->
