<?xml version="1.0" encoding="UTF-8"?>
<!-- Generated by org.testng.reporters.JUnitReportReporter -->
<testsuite hostname="LT-SJOSHI" failures="0" tests="1" name="API_Automation.Add_Employee" time="31.061" errors="0" timestamp="2021-03-05T18:09:03 EST" skipped="0">
  <testcase classname="API_Automation.Add_Employee" name="New_Employee" time="31.061"/>
  <system-out/>
</testsuite> <!-- API_Automation.Add_Employee -->
