<?xml version="1.0" encoding="UTF-8"?>
<!-- Generated by org.testng.reporters.JUnitReportReporter -->
<testsuite hostname="Sanket" failures="0" tests="1" name="Jira_API_Automation.Jira_Get_Issue" time="1.343" errors="0" timestamp="2021-01-25T13:37:56 EST" skipped="0">
  <testcase classname="Jira_API_Automation.Jira_Get_Issue" name="Get_Issue" time="1.343"/>
  <system-out/>
</testsuite> <!-- Jira_API_Automation.Jira_Get_Issue -->
