<?xml version="1.0" encoding="UTF-8"?>
<!-- Generated by org.testng.reporters.JUnitReportReporter -->
<testsuite hostname="Sanket" failures="0" tests="1" name="Serializations.Serialize_Main_Class" time="5.181" errors="0" timestamp="2021-02-28T13:07:06 EST" skipped="0">
  <testcase classname="Serializations.Serialize_Main_Class" name="Serialize_Method" time="5.181"/>
  <system-out/>
</testsuite> <!-- Serializations.Serialize_Main_Class -->
