<?xml version="1.0" encoding="UTF-8"?>
<!-- Generated by org.testng.reporters.JUnitReportReporter -->
<testsuite hostname="LT-SJOSHI" failures="0" tests="2" name="API.DynamicJson" time="4.267" errors="0" timestamp="2021-01-22T14:25:59 EST" skipped="0">
  <testcase classname="API.DynamicJson" name="AddBook" time="1.117"/>
  <system-out/>
  <testcase classname="API.DynamicJson" name="AddBook" time="3.150"/>
  <system-out/>
</testsuite> <!-- API.DynamicJson -->
