<?xml version="1.0" encoding="UTF-8"?>
<!-- Generated by org.testng.reporters.JUnitReportReporter -->
<testsuite hostname="LT-SJOSHI" failures="0" tests="1" name="API_Automation.Terminate_Employee" time="0.421" errors="0" timestamp="2021-03-05T16:38:01 EST" skipped="0">
  <testcase classname="API_Automation.Terminate_Employee" name="Remove_Employee" time="0.421"/>
  <system-out/>
</testsuite> <!-- API_Automation.Terminate_Employee -->
